Build started 7/10/2012 11:44:46 AM.
     1>Project "C:\Users\b225404\Documents\dat2csv\dat2csv\dat2csv.vcxproj" on node 2 (build target(s)).
     1>InitializeBuildStatus:
         Creating "Release\dat2csv.unsuccessfulbuild" because "AlwaysCreate" was specified.
       ClCompile:
         C:\Program Files (x86)\Microsoft Visual Studio 10.0\VC\bin\CL.exe /c /Zi /nologo /W3 /WX- /O2 /Oi /Oy- /GL /D WIN32 /D NDEBUG /D _CONSOLE /D _UNICODE /D UNICODE /Gm- /EHsc /MD /GS /Gy /fp:precise /Zc:wchar_t /Zc:forScope /Fo"Release\\" /Fd"Release\vc100.pdb" /Gd /TP /analyze- /errorReport:prompt main.cpp
         main.cpp
     1>main.cpp(38): warning C4996: 'localtime': This function or variable may be unsafe. Consider using localtime_s instead. To disable deprecation, use _CRT_SECURE_NO_WARNINGS. See online help for details.
                 C:\Program Files (x86)\Microsoft Visual Studio 10.0\VC\include\time.inl(112) : see declaration of 'localtime'
     1>main.cpp(118): warning C4996: 'localtime': This function or variable may be unsafe. Consider using localtime_s instead. To disable deprecation, use _CRT_SECURE_NO_WARNINGS. See online help for details.
                 C:\Program Files (x86)\Microsoft Visual Studio 10.0\VC\include\time.inl(112) : see declaration of 'localtime'
       Link:
         C:\Program Files (x86)\Microsoft Visual Studio 10.0\VC\bin\link.exe /ERRORREPORT:PROMPT /OUT:"C:\Users\b225404\Documents\dat2csv\Release\dat2csv.exe" /INCREMENTAL:NO /NOLOGO cbw32.lib kernel32.lib user32.lib gdi32.lib winspool.lib comdlg32.lib advapi32.lib shell32.lib ole32.lib oleaut32.lib uuid.lib odbc32.lib odbccp32.lib /MANIFEST /ManifestFile:"Release\dat2csv.exe.intermediate.manifest" /MANIFESTUAC:"level='asInvoker' uiAccess='false'" /DEBUG /PDB:"C:\Users\b225404\Documents\dat2csv\Release\dat2csv.pdb" /SUBSYSTEM:CONSOLE /OPT:REF /OPT:ICF /LTCG /TLBID:1 /DYNAMICBASE /NXCOMPAT /IMPLIB:"C:\Users\b225404\Documents\dat2csv\Release\dat2csv.lib" /MACHINE:X86 Release\main.obj
         Generating code
         Finished generating code
         dat2csv.vcxproj -> C:\Users\b225404\Documents\dat2csv\Release\dat2csv.exe
       Manifest:
         C:\Program Files (x86)\Microsoft SDKs\Windows\v7.0A\bin\mt.exe /nologo /verbose /outputresource:"C:\Users\b225404\Documents\dat2csv\Release\dat2csv.exe;#1" /manifest Release\dat2csv.exe.intermediate.manifest
       FinalizeBuildStatus:
         Deleting file "Release\dat2csv.unsuccessfulbuild".
         Touching "Release\dat2csv.lastbuildstate".
     1>Done Building Project "C:\Users\b225404\Documents\dat2csv\dat2csv\dat2csv.vcxproj" (build target(s)).

Build succeeded.

Time Elapsed 00:00:08.01
